<?xml version="1.0" encoding="UTF-8"?>
<!-- Generated by org.testng.reporters.JUnitReportReporter -->
<testsuite skipped="0" hostname="DESKTOP-PP5FANO" name="com.testng.Sample" tests="2" failures="0" timestamp="01 Sep 2022 15:09:20 GMT" time="0.038" errors="0">
  <testcase name="m5" time="0.015" classname="com.testng.Sample"/>
  <testcase name="m10" time="0.023" classname="com.testng.Sample"/>
</testsuite> <!-- com.testng.Sample -->
