<?xml version="1.0" encoding="UTF-8"?>
<!-- Generated by org.testng.reporters.JUnitReportReporter -->
<testsuite skipped="0" hostname="DESKTOP-PP5FANO" name="com.testng.Sample" tests="2" failures="0" timestamp="03 Sep 2022 11:11:20 GMT" time="0.033" errors="0">
  <testcase name="m5" time="0.022" classname="com.testng.Sample"/>
  <testcase name="m10" time="0.011" classname="com.testng.Sample"/>
</testsuite> <!-- com.testng.Sample -->
